Arguments: 
  /Users/atina/.nvm/versions/node/v12.8.1/bin/node /Users/atina/.nvm/versions/node/v12.8.1/bin/yarn add jquery_ujs

PATH: 
  /Users/atina/.nvm/versions/node/v12.8.1/bin:/Users/atina/.rbenv/shims:/opt/homebrew/opt/ruby/bin:/opt/homebrew/bin:/opt/homebrew/sbin:/usr/local/bin:/usr/bin:/bin:/usr/sbin:/sbin:/Library/Apple/usr/bin:/Users/atina/.nvm/versions/node/v12.8.1/bin:/Users/atina/.rbenv/shims:/opt/homebrew/opt/ruby/bin:/opt/homebrew/bin:/opt/homebrew/sbin

Yarn version: 
  1.22.5

Node version: 
  12.8.1

Platform: 
  darwin x64

Trace: 
  Error: https://registry.yarnpkg.com/jquery_ujs: Not found
      at Request.params.callback [as _callback] (/Users/atina/.nvm/versions/node/v12.8.1/lib/node_modules/yarn/lib/cli.js:66988:18)
      at Request.self.callback (/Users/atina/.nvm/versions/node/v12.8.1/lib/node_modules/yarn/lib/cli.js:140662:22)
      at Request.emit (events.js:203:13)
      at Request.<anonymous> (/Users/atina/.nvm/versions/node/v12.8.1/lib/node_modules/yarn/lib/cli.js:141634:10)
      at Request.emit (events.js:203:13)
      at IncomingMessage.<anonymous> (/Users/atina/.nvm/versions/node/v12.8.1/lib/node_modules/yarn/lib/cli.js:141556:12)
      at Object.onceWrapper (events.js:291:20)
      at IncomingMessage.emit (events.js:208:15)
      at endReadableNT (_stream_readable.js:1168:12)
      at processTicksAndRejections (internal/process/task_queues.js:77:11)

npm manifest: 
  {
    "name": "app",
    "private": true,
    "dependencies": {
      "@rails/ujs": "^6.0.0",
      "turbolinks": "^5.2.0",
      "@rails/activestorage": "^6.0.0",
      "@rails/actioncable": "^6.0.0"
    },
    "version": "0.1.0"
  }

yarn manifest: 
  No manifest

Lockfile: 
  No lockfile
